0 info it worked if it ends with ok
1 verbose cli [ 'node', '/usr/local/bin/npm', 'version', '1.0.2' ]
2 info using npm@2.14.2
3 info using node@v0.12.7
4 info git [ 'status', '--porcelain' ]
5 verbose stack Error: Git working directory not clean.
5 verbose stack M HISTORY.md
5 verbose stack M examples/README.md
5 verbose stack D examples/shared/animations.js
5 verbose stack D examples/shared/custom_characters.js
5 verbose stack D examples/shared/hello_world.js
5 verbose stack     at /usr/local/lib/node_modules/npm/lib/version.js:171:21
5 verbose stack     at ChildProcess.exithandler (child_process.js:742:7)
5 verbose stack     at ChildProcess.emit (events.js:110:17)
5 verbose stack     at maybeClose (child_process.js:1015:16)
5 verbose stack     at Socket.<anonymous> (child_process.js:1183:11)
5 verbose stack     at Socket.emit (events.js:107:17)
5 verbose stack     at Pipe.close (net.js:485:12)
6 verbose cwd /Software/GitHub/JVSDisplayOTron
7 error Darwin 14.5.0
8 error argv "node" "/usr/local/bin/npm" "version" "1.0.2"
9 error node v0.12.7
10 error npm  v2.14.2
11 error Git working directory not clean.
11 error M HISTORY.md
11 error M examples/README.md
11 error D examples/shared/animations.js
11 error D examples/shared/custom_characters.js
11 error D examples/shared/hello_world.js
12 error If you need help, you may report this error at:
12 error     <https://github.com/npm/npm/issues>
13 verbose exit [ 1, true ]
